<?xml version="1.0" encoding="utf-8"?><testsuites name="pytest tests"><testsuite name="pytest" errors="0" failures="0" skipped="0" tests="13" time="8.241" timestamp="2025-11-11T16:43:07.972509-04:00" hostname="silvia-portatil"><testcase classname="backend.accounts.tests.test_auth.JwtUtilsTests" name="test_access_and_refresh_tokens" time="0.950" /><testcase classname="backend.accounts.tests.test_auth.AuthViewsTests" name="test_login_failure" time="0.302" /><testcase classname="backend.accounts.tests.test_auth.AuthViewsTests" name="test_login_success" time="0.007" /><testcase classname="backend.accounts.tests.test_auth.AuthViewsTests" name="test_me_requires_auth" time="0.005" /><testcase classname="backend.accounts.tests.test_auth.AuthViewsTests" name="test_refresh_flow" time="0.006" /><testcase classname="backend.accounts.tests.test_auth.AuthViewsTests" name="test_register_duplicate_email" time="0.535" /><testcase classname="backend.accounts.tests.test_auth.AuthViewsTests" name="test_register_invalid_role" time="0.008" /><testcase classname="backend.accounts.tests.test_auth.AuthViewsTests" name="test_register_success_default_role" time="0.553" /><testcase classname="backend.alerts.tests.test_alerts_flow.AlertsFlowTests" name="test_full_alert_flow" time="1.254" /><testcase classname="backend.medical.tests.test_medical_api.MedicalEndpointsTests" name="test_create_record_and_vitals" time="1.217" /><testcase classname="backend.patients.tests.test_patients_api.PatientsEndpointsTests" name="test_consents_flow" time="1.004" /><testcase classname="backend.patients.tests.test_patients_api.PatientsEndpointsTests" name="test_profile_crud" time="0.053" /><testcase classname="backend.scheduling.tests.test_scheduling_api.SchedulingTests" name="test_slots_and_conflict" time="1.675" /></testsuite></testsuites>